<?xml version="1.0" encoding="UTF-8"?>
<!-- Generated by org.testng.reporters.JUnitXMLReporter -->
<testsuite hostname="gipl-102" ignored="0" tests="5" failures="0" timestamp="2019-10-24T14:05:08 IST" time="61.776" errors="0">
  <testcase name="add_cart_popup" time="9.959" classname="cart_popup"/>
  <testcase name="open_nonempty_cart_popup" time="3.46" classname="cart_popup"/>
  <testcase name="validate_products_in_cart_popup" time="3.237" classname="cart_popup"/>
  <testcase name="validate_products_amount_in_cart_popup" time="3.321" classname="cart_popup"/>
  <testcase name="update_product_quantity_in_cart_popup" time="17.576" classname="cart_popup"/>
</testsuite>
