<?xml version="1.0" encoding="UTF-8"?>
<testng-results skipped="0" failed="0" ignored="0" total="36" passed="36">
  <reporter-output>
  </reporter-output>
  <suite name="senskids suite" duration-ms="662665" started-at="2019-10-30T15:22:06 IST" finished-at="2019-10-30T15:33:09 IST">
    <groups>
    </groups>
    <test name="senskids test" duration-ms="662665" started-at="2019-10-30T15:22:06 IST" finished-at="2019-10-30T15:33:09 IST">
      <class name="home_page_script">
        <test-method status="PASS" signature="top_head()[pri:1, instance:home_page_script@58a90037]" name="top_head" duration-ms="79678" started-at="2019-10-30T15:23:39 IST" description="Home-page_script/top_head" finished-at="2019-10-30T15:24:59 IST">
          <reporter-output>
          </reporter-output>
        </test-method> <!-- top_head -->
        <test-method status="PASS" signature="validate_logo()[pri:2, instance:home_page_script@58a90037]" name="validate_logo" duration-ms="173" started-at="2019-10-30T15:24:59 IST" description="Home-page_script/validate_logo" finished-at="2019-10-30T15:24:59 IST">
          <reporter-output>
          </reporter-output>
        </test-method> <!-- validate_logo -->
        <test-method status="PASS" signature="container()[pri:3, instance:home_page_script@58a90037]" name="container" duration-ms="6211" started-at="2019-10-30T15:24:59 IST" description="Home-page_script/Container" finished-at="2019-10-30T15:25:05 IST">
          <reporter-output>
          </reporter-output>
        </test-method> <!-- container -->
        <test-method status="PASS" signature="head_menu()[pri:4, instance:home_page_script@58a90037]" name="head_menu" duration-ms="175072" started-at="2019-10-30T15:25:05 IST" description="Home-page_script/head_menu" finished-at="2019-10-30T15:28:00 IST">
          <reporter-output>
          </reporter-output>
        </test-method> <!-- head_menu -->
        <test-method status="PASS" signature="footer()[pri:5, instance:home_page_script@58a90037]" name="footer" duration-ms="117316" started-at="2019-10-30T15:28:00 IST" description="Home-page_script/footer" finished-at="2019-10-30T15:29:58 IST">
          <reporter-output>
          </reporter-output>
        </test-method> <!-- footer -->
        <test-method status="PASS" signature="newsletter_with_wrong_email()[pri:6, instance:home_page_script@58a90037]" name="newsletter_with_wrong_email" duration-ms="800" started-at="2019-10-30T15:29:58 IST" description="Home-page_script/news_with_Wrong_data" finished-at="2019-10-30T15:29:59 IST">
          <reporter-output>
          </reporter-output>
        </test-method> <!-- newsletter_with_wrong_email -->
        <test-method status="PASS" signature="newsletter()[pri:7, instance:home_page_script@58a90037]" name="newsletter" duration-ms="27872" started-at="2019-10-30T15:29:59 IST" description="Home-page_script/newsletter" finished-at="2019-10-30T15:30:26 IST">
          <reporter-output>
          </reporter-output>
        </test-method> <!-- newsletter -->
        <test-method status="PASS" signature="newsletter_with_already_registered_email()[pri:8, instance:home_page_script@58a90037]" name="newsletter_with_already_registered_email" duration-ms="7275" started-at="2019-10-30T15:30:26 IST" description="Home-page_script/newsletter_with_preregistered_email" finished-at="2019-10-30T15:30:34 IST">
          <reporter-output>
          </reporter-output>
        </test-method> <!-- newsletter_with_already_registered_email -->
        <test-method status="PASS" signature="search_field()[pri:9, instance:home_page_script@58a90037]" name="search_field" duration-ms="19032" started-at="2019-10-30T15:30:34 IST" description="Home-page_script/search_field" finished-at="2019-10-30T15:30:53 IST">
          <reporter-output>
          </reporter-output>
        </test-method> <!-- search_field -->
      </class> <!-- home_page_script -->
      <class name="product_listing_script">
        <test-method status="PASS" signature="sort_data()[pri:1, instance:product_listing_script@74294adb]" name="sort_data" duration-ms="14140" started-at="2019-10-30T15:30:53 IST" description="test case for sort product list" finished-at="2019-10-30T15:31:07 IST">
          <reporter-output>
          </reporter-output>
        </test-method> <!-- sort_data -->
      </class> <!-- product_listing_script -->
      <class name="signup_script">
        <test-method status="PASS" signature="initialize()[pri:0, instance:signup_script@f4168b8]" name="initialize" is-config="true" duration-ms="30399" started-at="2019-10-30T15:21:36 IST" finished-at="2019-10-30T15:22:06 IST">
          <reporter-output>
          </reporter-output>
        </test-method> <!-- initialize -->
        <test-method status="PASS" signature="with_blank_fields()[pri:1, instance:signup_script@f4168b8]" name="with_blank_fields" duration-ms="1960" started-at="2019-10-30T15:22:06 IST" description="test case with blank data" finished-at="2019-10-30T15:22:08 IST">
          <reporter-output>
          </reporter-output>
        </test-method> <!-- with_blank_fields -->
        <test-method status="PASS" signature="Phone_no()[pri:2, instance:signup_script@f4168b8]" name="Phone_no" duration-ms="1296" started-at="2019-10-30T15:22:08 IST" description="test case with blank data" finished-at="2019-10-30T15:22:10 IST">
          <reporter-output>
          </reporter-output>
        </test-method> <!-- Phone_no -->
        <test-method status="PASS" signature="invalid_email()[pri:3, instance:signup_script@f4168b8]" name="invalid_email" duration-ms="1252" started-at="2019-10-30T15:22:10 IST" description="test case with invalid email details." finished-at="2019-10-30T15:22:11 IST">
          <reporter-output>
          </reporter-output>
        </test-method> <!-- invalid_email -->
        <test-method status="PASS" signature="invalid_password()[pri:4, instance:signup_script@f4168b8]" name="invalid_password" duration-ms="1341" started-at="2019-10-30T15:22:11 IST" description="test case with invalid password details." finished-at="2019-10-30T15:22:12 IST">
          <reporter-output>
          </reporter-output>
        </test-method> <!-- invalid_password -->
        <test-method status="PASS" signature="confirm_password()[pri:5, instance:signup_script@f4168b8]" name="confirm_password" duration-ms="1746" started-at="2019-10-30T15:22:12 IST" description="test case for confirm password details." finished-at="2019-10-30T15:22:14 IST">
          <reporter-output>
          </reporter-output>
        </test-method> <!-- confirm_password -->
        <test-method status="PASS" signature="fax_no()[pri:6, instance:signup_script@f4168b8]" name="fax_no" duration-ms="1156" started-at="2019-10-30T15:22:14 IST" description="test case for Fax No details." finished-at="2019-10-30T15:22:15 IST">
          <reporter-output>
          </reporter-output>
        </test-method> <!-- fax_no -->
        <test-method status="PASS" signature="registered_email()[pri:7, instance:signup_script@f4168b8]" name="registered_email" duration-ms="11371" started-at="2019-10-30T15:22:15 IST" description="test case for Already registered email id details." finished-at="2019-10-30T15:22:27 IST">
          <reporter-output>
          </reporter-output>
        </test-method> <!-- registered_email -->
        <test-method status="PASS" signature="valid_data()[pri:8, instance:signup_script@f4168b8]" name="valid_data" duration-ms="17238" started-at="2019-10-30T15:22:27 IST" description="test case for Valid data details." finished-at="2019-10-30T15:22:44 IST">
          <reporter-output>
          </reporter-output>
        </test-method> <!-- valid_data -->
      </class> <!-- signup_script -->
      <class name="product_details_script">
        <test-method status="PASS" signature="open_product_details()[pri:1, instance:product_details_script@70a9f84e]" name="open_product_details" duration-ms="8111" started-at="2019-10-30T15:31:07 IST" finished-at="2019-10-30T15:31:15 IST">
          <reporter-output>
          </reporter-output>
        </test-method> <!-- open_product_details -->
        <test-method status="PASS" signature="product_add()[pri:2, instance:product_details_script@70a9f84e]" name="product_add" duration-ms="23104" started-at="2019-10-30T15:31:15 IST" finished-at="2019-10-30T15:31:38 IST">
          <reporter-output>
          </reporter-output>
        </test-method> <!-- product_add -->
        <test-method status="PASS" signature="product_options()[pri:3, instance:product_details_script@70a9f84e]" name="product_options" duration-ms="20391" started-at="2019-10-30T15:31:38 IST" finished-at="2019-10-30T15:31:58 IST">
          <reporter-output>
          </reporter-output>
        </test-method> <!-- product_options -->
        <test-method status="PASS" signature="validate_qty()[pri:4, instance:product_details_script@70a9f84e]" name="validate_qty" duration-ms="2465" started-at="2019-10-30T15:31:58 IST" finished-at="2019-10-30T15:32:01 IST">
          <reporter-output>
          </reporter-output>
        </test-method> <!-- validate_qty -->
        <test-method status="PASS" signature="insert_qyt()[pri:5, instance:product_details_script@70a9f84e]" name="insert_qyt" duration-ms="4173" started-at="2019-10-30T15:32:01 IST" finished-at="2019-10-30T15:32:05 IST">
          <reporter-output>
          </reporter-output>
        </test-method> <!-- insert_qyt -->
        <test-method status="PASS" signature="add_product()[pri:6, instance:product_details_script@70a9f84e]" name="add_product" duration-ms="6332" started-at="2019-10-30T15:32:05 IST" finished-at="2019-10-30T15:32:11 IST">
          <reporter-output>
          </reporter-output>
        </test-method> <!-- add_product -->
        <test-method status="PASS" signature="wishList()[pri:7, instance:product_details_script@70a9f84e]" name="wishList" duration-ms="17320" started-at="2019-10-30T15:32:11 IST" finished-at="2019-10-30T15:32:29 IST">
          <reporter-output>
          </reporter-output>
        </test-method> <!-- wishList -->
        <test-method status="PASS" signature="tab_intend()[pri:8, instance:product_details_script@70a9f84e]" name="tab_intend" duration-ms="2270" started-at="2019-10-30T15:32:29 IST" finished-at="2019-10-30T15:32:31 IST">
          <reporter-output>
          </reporter-output>
        </test-method> <!-- tab_intend -->
        <test-method status="PASS" signature="review_blank()[pri:9, instance:product_details_script@70a9f84e]" name="review_blank" duration-ms="27822" started-at="2019-10-30T15:32:31 IST" finished-at="2019-10-30T15:32:59 IST">
          <reporter-output>
          </reporter-output>
        </test-method> <!-- review_blank -->
        <test-method status="PASS" signature="review()[pri:10, instance:product_details_script@70a9f84e]" name="review" duration-ms="10087" started-at="2019-10-30T15:32:59 IST" finished-at="2019-10-30T15:33:09 IST">
          <reporter-output>
          </reporter-output>
        </test-method> <!-- review -->
        <test-method status="PASS" signature="close()[pri:0, instance:product_details_script@70a9f84e]" name="close" is-config="true" duration-ms="879" started-at="2019-10-30T15:33:09 IST" finished-at="2019-10-30T15:33:10 IST">
          <reporter-output>
          </reporter-output>
        </test-method> <!-- close -->
      </class> <!-- product_details_script -->
      <class name="Login_script">
        <test-method status="PASS" signature="Blank_data()[pri:1, instance:Login_script@3bd94634]" name="Blank_data" duration-ms="8283" started-at="2019-10-30T15:22:44 IST" description="test case with blank data" finished-at="2019-10-30T15:22:52 IST">
          <reporter-output>
          </reporter-output>
        </test-method> <!-- Blank_data -->
        <test-method status="PASS" signature="valid_username_and_blank_password()[pri:2, instance:Login_script@3bd94634]" name="valid_username_and_blank_password" duration-ms="817" started-at="2019-10-30T15:22:52 IST" description="test case with valid username and blank password" finished-at="2019-10-30T15:22:53 IST">
          <reporter-output>
          </reporter-output>
        </test-method> <!-- valid_username_and_blank_password -->
        <test-method status="PASS" signature="Invalid_username_and_blank_password()[pri:3, instance:Login_script@3bd94634]" name="Invalid_username_and_blank_password" duration-ms="524" started-at="2019-10-30T15:22:53 IST" description="test case with Invalid username and blank password" finished-at="2019-10-30T15:22:53 IST">
          <reporter-output>
          </reporter-output>
        </test-method> <!-- Invalid_username_and_blank_password -->
        <test-method status="PASS" signature="blank_username_and_valid_password()[pri:4, instance:Login_script@3bd94634]" name="blank_username_and_valid_password" duration-ms="898" started-at="2019-10-30T15:22:53 IST" description="test case with blank username and valid password" finished-at="2019-10-30T15:22:54 IST">
          <reporter-output>
          </reporter-output>
        </test-method> <!-- blank_username_and_valid_password -->
        <test-method status="PASS" signature="wrong_username_and_wrong_password()[pri:5, instance:Login_script@3bd94634]" name="wrong_username_and_wrong_password" duration-ms="7112" started-at="2019-10-30T15:22:54 IST" description="test case with Wrong username and wrong password" finished-at="2019-10-30T15:23:01 IST">
          <reporter-output>
          </reporter-output>
        </test-method> <!-- wrong_username_and_wrong_password -->
        <test-method status="PASS" signature="valid_username_and_wrong_password()[pri:6, instance:Login_script@3bd94634]" name="valid_username_and_wrong_password" duration-ms="8101" started-at="2019-10-30T15:23:01 IST" description="test case with Valid username and wrong password" finished-at="2019-10-30T15:23:10 IST">
          <reporter-output>
          </reporter-output>
        </test-method> <!-- valid_username_and_wrong_password -->
        <test-method status="PASS" signature="invalid_email_forget_password()[pri:7, instance:Login_script@3bd94634]" name="invalid_email_forget_password" duration-ms="20736" started-at="2019-10-30T15:23:10 IST" description="test case with invalid email at forget password page" finished-at="2019-10-30T15:23:30 IST">
          <reporter-output>
          </reporter-output>
        </test-method> <!-- invalid_email_forget_password -->
        <test-method status="PASS" signature="valid_username_and_valid_password()[pri:8, instance:Login_script@3bd94634]" name="valid_username_and_valid_password" duration-ms="8994" started-at="2019-10-30T15:23:30 IST" description="test case with valid username and valid password" finished-at="2019-10-30T15:23:39 IST">
          <reporter-output>
          </reporter-output>
        </test-method> <!-- valid_username_and_valid_password -->
      </class> <!-- Login_script -->
    </test> <!-- senskids test -->
  </suite> <!-- senskids suite -->
</testng-results>
