<?xml version="1.0" encoding="UTF-8"?>
<!-- Generated by org.testng.reporters.JUnitXMLReporter -->
<testsuite hostname="gipl-102" ignored="0" tests="36" failures="0" timestamp="2019-10-30T15:33:09 IST" time="662.665" errors="0">
  <testcase name="with_blank_fields" time="1.96" classname="signup_script"/>
  <testcase name="Phone_no" time="1.296" classname="signup_script"/>
  <testcase name="invalid_email" time="1.252" classname="signup_script"/>
  <testcase name="invalid_password" time="1.341" classname="signup_script"/>
  <testcase name="confirm_password" time="1.746" classname="signup_script"/>
  <testcase name="fax_no" time="1.156" classname="signup_script"/>
  <testcase name="registered_email" time="11.371" classname="signup_script"/>
  <testcase name="valid_data" time="17.238" classname="signup_script"/>
  <testcase name="Blank_data" time="8.283" classname="Login_script"/>
  <testcase name="valid_username_and_blank_password" time="0.817" classname="Login_script"/>
  <testcase name="Invalid_username_and_blank_password" time="0.524" classname="Login_script"/>
  <testcase name="blank_username_and_valid_password" time="0.898" classname="Login_script"/>
  <testcase name="wrong_username_and_wrong_password" time="7.112" classname="Login_script"/>
  <testcase name="valid_username_and_wrong_password" time="8.101" classname="Login_script"/>
  <testcase name="invalid_email_forget_password" time="20.736" classname="Login_script"/>
  <testcase name="valid_username_and_valid_password" time="8.994" classname="Login_script"/>
  <testcase name="top_head" time="79.678" classname="home_page_script"/>
  <testcase name="validate_logo" time="0.173" classname="home_page_script"/>
  <testcase name="container" time="6.211" classname="home_page_script"/>
  <testcase name="head_menu" time="175.072" classname="home_page_script"/>
  <testcase name="footer" time="117.316" classname="home_page_script"/>
  <testcase name="newsletter_with_wrong_email" time="0.8" classname="home_page_script"/>
  <testcase name="newsletter" time="27.872" classname="home_page_script"/>
  <testcase name="newsletter_with_already_registered_email" time="7.275" classname="home_page_script"/>
  <testcase name="search_field" time="19.032" classname="home_page_script"/>
  <testcase name="sort_data" time="14.14" classname="product_listing_script"/>
  <testcase name="open_product_details" time="8.111" classname="product_details_script"/>
  <testcase name="product_add" time="23.104" classname="product_details_script"/>
  <testcase name="product_options" time="20.391" classname="product_details_script"/>
  <testcase name="validate_qty" time="2.465" classname="product_details_script"/>
  <testcase name="insert_qyt" time="4.173" classname="product_details_script"/>
  <testcase name="add_product" time="6.332" classname="product_details_script"/>
  <testcase name="wishList" time="17.32" classname="product_details_script"/>
  <testcase name="tab_intend" time="2.27" classname="product_details_script"/>
  <testcase name="review_blank" time="27.822" classname="product_details_script"/>
  <testcase name="review" time="10.087" classname="product_details_script"/>
</testsuite>
